#
# A fatal error has been detected by the Java Runtime Environment:
#
#  EXCEPTION_ACCESS_VIOLATION (0xc0000005) at pc=0x00007ff8dd3a8010, pid=13244, tid=0x00000000000006c8
#
# JRE version: Java(TM) SE Runtime Environment (8.0_112-b15) (build 1.8.0_112-b15)
# Java VM: Java HotSpot(TM) 64-Bit Server VM (25.112-b15 mixed mode windows-amd64 compressed oops)
# Problematic frame:
# C  [librdi_runsbase.dll+0x18010]
#
# Failed to write core dump. Minidumps are not enabled by default on client versions of Windows
#
# If you would like to submit a bug report, please visit:
#   http://bugreport.java.com/bugreport/crash.jsp
# The crash happened outside the Java Virtual Machine in native code.
# See problematic frame for where to report the bug.
#

---------------  T H R E A D  ---------------

Current thread (0x0000020533929000):  JavaThread "Update Runs Swing Worker" [_thread_in_native, id=1736, stack(0x000000701b900000,0x000000701be00000)]

siginfo: ExceptionCode=0xc0000005, reading address 0x0000000000000028

Registers:
RAX=0x0000000000000001, RBX=0x0000000000000000, RCX=0x0000000000000000, RDX=0x000002050e170000
RSP=0x000000701bdfea88, RBP=0x000000701bdfeb90, RSI=0x000002053bd23080, RDI=0x000002053c0f3a70
R8 =0x000002050e343480, R9 =0x0000000000000001, R10=0x0000000000008000, R11=0x000000701bdfe830
R12=0x00000205104812f0, R13=0x0000000000000009, R14=0x0000000000000000, R15=0x0000000000000009
RIP=0x00007ff8dd3a8010, EFLAGS=0x0000000000010202

Top of Stack: (sp=0x000000701bdfea88)
0x000000701bdfea88:   00007ff8dd4f079a 000002053bd23080
0x000000701bdfea98:   000002053bd23120 0000000000000000
0x000000701bdfeaa8:   000002053c0f6670 000000035e722199
0x000000701bdfeab8:   000000701bdfeee0 000002053f9ac770
0x000000701bdfeac8:   00007ff956f7fc11 00000205104812f0
0x000000701bdfead8:   0000000000000000 fffffffffffffffe
0x000000701bdfeae8:   000000701bdfeee0 000002053f9ac4d0
0x000000701bdfeaf8:   00007ff956f7fc11 0000000000000000
0x000000701bdfeb08:   000002050e170000 0000c924d3fa9214
0x000000701bdfeb18:   0000000000000000 0000020515a05eb0
0x000000701bdfeb28:   00007ff9023d1700 0000000000000001
0x000000701bdfeb38:   0000000000000002 0000020515a05eb0
0x000000701bdfeb48:   0000000000000002 0000000000000001
0x000000701bdfeb58:   00007ff9023d5281 0000020515a05eb0
0x000000701bdfeb68:   0000000000000002 000000701bdfeee0
0x000000701bdfeb78:   0000000000000000 000000701bdff500 

Instructions: (pc=0x00007ff8dd3a8010)
0x00007ff8dd3a7ff0:   33 cc e8 c9 0c 05 00 48 8b 9c 24 d0 00 00 00 48
0x00007ff8dd3a8000:   81 c4 a0 00 00 00 5f 5e 5d c3 cc cc cc cc cc cc
0x00007ff8dd3a8010:   48 8b 41 28 c3 cc cc cc cc cc cc cc cc cc cc cc
0x00007ff8dd3a8020:   40 53 48 83 ec 20 48 8b 59 48 48 89 6c 24 30 48 


Register to memory mapping:

RAX=0x0000000000000001 is an unknown value
RBX=0x0000000000000000 is an unknown value
RCX=0x0000000000000000 is an unknown value
RDX=0x000002050e170000 is an unknown value
RSP=0x000000701bdfea88 is pointing into the stack for thread: 0x0000020533929000
RBP=0x000000701bdfeb90 is pointing into the stack for thread: 0x0000020533929000
RSI=0x000002053bd23080 is an unknown value
RDI=0x000002053c0f3a70 is an unknown value
R8 =0x000002050e343480 is an unknown value
R9 =0x0000000000000001 is an unknown value
R10=0x0000000000008000 is an unknown value
R11=0x000000701bdfe830 is pointing into the stack for thread: 0x0000020533929000
R12=0x00000205104812f0 is an unknown value
R13=0x0000000000000009 is an unknown value
R14=0x0000000000000000 is an unknown value
R15=0x0000000000000009 is an unknown value


Stack: [0x000000701b900000,0x000000701be00000],  sp=0x000000701bdfea88,  free space=5114k
Native frames: (J=compiled Java code, j=interpreted, Vv=VM code, C=native code)
C  [librdi_runsbase.dll+0x18010]

Java frames: (J=compiled Java code, j=interpreted, Vv=VM code)
J 16408  ui.project.projecti.ProjStateHelper_getBlingString(J)Ljava/lang/String; (0 bytes) @ 0x000002051adec901 [0x000002051adec8c0+0x41]
J 16413 C1 ui.data.experiment.y.aIo()V (22 bytes) @ 0x0000020518f4692c [0x0000020518f467e0+0x14c]
j  ui.data.experiment.A.construct()Ljava/lang/Object;+47
j  ui.frmwork.y.run()V+23
j  java.lang.Thread.run()V+11
v  ~StubRoutines::call_stub

---------------  P R O C E S S  ---------------

Java Threads: ( => current thread )
  0x00000205375f1000 JavaThread "Resetting Runs" [_thread_in_native, id=3964, stack(0x000000701aa00000,0x000000701af00000)]
  0x00000205375f0800 JavaThread "Thread-1381" [_thread_in_native, id=13920, stack(0x0000007018200000,0x0000007018300000)]
  0x00000205375ee000 JavaThread "Thread-1380" [_thread_in_native, id=14036, stack(0x0000007018100000,0x0000007018200000)]
  0x0000020533926000 JavaThread "Thread-1100" [_thread_in_native, id=10060, stack(0x0000007018200000,0x0000007018300000)]
  0x0000020533924000 JavaThread "Thread-1099" [_thread_in_native, id=7100, stack(0x0000007018100000,0x0000007018200000)]
  0x00000205375e5000 JavaThread "Thread-1018" [_thread_in_native, id=5176, stack(0x0000007012800000,0x0000007012900000)]
  0x00000205375e5800 JavaThread "SyntheticaAnimation 50" daemon [_thread_blocked, id=10584, stack(0x000000701ca00000,0x000000701cf00000)]
  0x00000205375e9800 JavaThread "Image Animator 3" daemon [_thread_blocked, id=2544, stack(0x0000007019300000,0x0000007019800000)]
  0x00000205375ea800 JavaThread "Thread-22" [_thread_in_native, id=10700, stack(0x000000701c900000,0x000000701ca00000)]
  0x00000205375ec000 JavaThread "Thread-21" [_thread_in_native, id=9880, stack(0x000000701c800000,0x000000701c900000)]
  0x00000205375e8000 JavaThread "hw_ila_monitor" [_thread_blocked, id=11572, stack(0x000000701be00000,0x000000701c300000)]
=>0x0000020533929000 JavaThread "Update Runs Swing Worker" [_thread_in_native, id=1736, stack(0x000000701b900000,0x000000701be00000)]
  0x0000020533924800 JavaThread "Refresh Filesets Swing Worker" [_thread_blocked, id=9524, stack(0x000000701b400000,0x000000701b900000)]
  0x0000020533925800 JavaThread "SyntheticaAnimation 70" daemon [_thread_blocked, id=6328, stack(0x000000701af00000,0x000000701b400000)]
  0x0000020533927000 JavaThread "SyntheticaAnimation 25" daemon [_thread_blocked, id=11980, stack(0x000000701a500000,0x000000701aa00000)]
  0x0000020533923000 JavaThread "SyntheticaAnimation 50" daemon [_thread_blocked, id=9660, stack(0x000000701a000000,0x000000701a500000)]
  0x0000020533927800 JavaThread "SyntheticaCleanerThread" daemon [_thread_blocked, id=1196, stack(0x0000007019800000,0x0000007019d00000)]
  0x0000020532ffc800 JavaThread "Batik CleanerThread" daemon [_thread_blocked, id=6912, stack(0x0000007018400000,0x0000007018900000)]
  0x0000020532f3b800 JavaThread "AWT-EventQueue-1" [_thread_blocked, id=13144, stack(0x0000007018e00000,0x0000007019300000)]
  0x0000020533231000 JavaThread "Process Messages" [_thread_blocked, id=3280, stack(0x0000007018900000,0x0000007018e00000)]
  0x0000020531ebe000 JavaThread "Thread-3" [_thread_in_native, id=7036, stack(0x0000007012a00000,0x0000007013e00000)]
  0x0000020531c4e000 JavaThread "AWT-Windows" daemon [_thread_in_native, id=2632, stack(0x0000007017a00000,0x0000007017f00000)]
  0x0000020531c4d800 JavaThread "AWT-Shutdown" [_thread_blocked, id=2428, stack(0x0000007017500000,0x0000007017a00000)]
  0x0000020531bd2800 JavaThread "Java2D Disposer" daemon [_thread_blocked, id=10912, stack(0x0000007017000000,0x0000007017500000)]
  0x0000020531bc6800 JavaThread "TimerQueue" daemon [_thread_blocked, id=12792, stack(0x0000007016b00000,0x0000007017000000)]
  0x0000020531348000 JavaThread "Service Thread" daemon [_thread_blocked, id=13248, stack(0x0000007016500000,0x0000007016a00000)]
  0x000002053133f800 JavaThread "C1 CompilerThread3" daemon [_thread_blocked, id=4308, stack(0x0000007016400000,0x0000007016500000)]
  0x000002053133d800 JavaThread "C2 CompilerThread2" daemon [_thread_blocked, id=11464, stack(0x0000007016300000,0x0000007016400000)]
  0x000002053133a000 JavaThread "C2 CompilerThread1" daemon [_thread_blocked, id=12608, stack(0x0000007016200000,0x0000007016300000)]
  0x0000020531333800 JavaThread "C2 CompilerThread0" daemon [_thread_blocked, id=9500, stack(0x0000007016100000,0x0000007016200000)]
  0x0000020531331800 JavaThread "Attach Listener" daemon [_thread_blocked, id=8424, stack(0x0000007015c00000,0x0000007016100000)]
  0x0000020531331000 JavaThread "Signal Dispatcher" daemon [_thread_blocked, id=11972, stack(0x0000007015700000,0x0000007015c00000)]
  0x000002052efdc000 JavaThread "Finalizer" daemon [_thread_blocked, id=1864, stack(0x0000007015200000,0x0000007015700000)]
  0x000002052efbb000 JavaThread "Reference Handler" daemon [_thread_blocked, id=3712, stack(0x0000007014d00000,0x0000007015200000)]
  0x0000020517d64000 JavaThread "main" [_thread_blocked, id=2864, stack(0x0000007014100000,0x0000007014200000)]

Other Threads:
  0x000002052efb1800 VMThread [stack: 0x0000007014c00000,0x0000007014d00000] [id=10784]
  0x00000205313a9800 WatcherThread [stack: 0x0000007016a00000,0x0000007016b00000] [id=11536]

VM state:not at safepoint (normal execution)

VM Mutex/Monitor currently owned by a thread: None

Heap:
 PSYoungGen      total 56832K, used 12184K [0x00000007bc400000, 0x00000007c0000000, 0x00000007c0000000)
  eden space 52224K, 18% used [0x00000007bc400000,0x00000007bcd47828,0x00000007bf700000)
  from space 4608K, 58% used [0x00000007bf700000,0x00000007bf99ea28,0x00000007bfb80000)
  to   space 4608K, 0% used [0x00000007bfb80000,0x00000007bfb80000,0x00000007c0000000)
 ParOldGen       total 241152K, used 54104K [0x0000000700000000, 0x000000070eb80000, 0x00000007bc400000)
  object space 241152K, 22% used [0x0000000700000000,0x00000007034d6220,0x000000070eb80000)
 Metaspace       used 72213K, capacity 72885K, committed 73560K, reserved 1112064K
  class space    used 9831K, capacity 9981K, committed 10112K, reserved 1048576K

Card table byte_map: [0x0000020527220000,0x0000020527830000] byte_map_base: 0x0000020523a20000

Marking Bits: (ParMarkBitMap*) 0x0000000055eea6d0
 Begin Bits: [0x0000020527e20000, 0x000002052ae20000)
 End Bits:   [0x000002052ae20000, 0x000002052de20000)

Polling page: 0x000002050e160000

CodeCache: size=245760Kb used=60636Kb max_used=60636Kb free=185123Kb
 bounds [0x0000020517e60000, 0x000002051ba10000, 0x0000020526e60000]
 total_blobs=16329 nmethods=15381 adapters=853
 compilation: enabled

Compilation events (10 events):
Event: 9915.031 Thread 0x000002053133f800 20905       3       javax.swing.JScrollPane::setVerticalScrollBar (34 bytes)
Event: 9915.031 Thread 0x000002053133f800 nmethod 20905 0x000002051b9ff8d0 code [0x000002051b9ffaa0, 0x000002051ba002d0]
Event: 9915.031 Thread 0x000002053133f800 20906       3       javax.swing.JScrollPane::createHorizontalScrollBar (10 bytes)
Event: 9915.031 Thread 0x000002053133f800 nmethod 20906 0x000002051b9ff210 code [0x000002051b9ff3a0, 0x000002051b9ff780]
Event: 9915.040 Thread 0x000002053133f800 20907       1       ui.views.E.a.a.h::getColor (5 bytes)
Event: 9915.040 Thread 0x000002053133f800 nmethod 20907 0x000002051b9f8690 code [0x000002051b9f87e0, 0x000002051b9f88f8]
Event: 9915.040 Thread 0x000002053133f800 20908       3       sun.misc.FDBigInteger::valueOfPow52 (101 bytes)
Event: 9915.041 Thread 0x000002053133f800 nmethod 20908 0x000002051ba07f50 code [0x000002051ba08160, 0x000002051ba08b60]
Event: 9915.043 Thread 0x000002053133f800 20909       1       ui.views.E.a.a.h::fKG (5 bytes)
Event: 9915.043 Thread 0x000002053133f800 nmethod 20909 0x000002051b9fef50 code [0x000002051b9ff0a0, 0x000002051b9ff1b8]

GC Heap History (10 events):
Event: 9901.457 GC heap before
{Heap before GC invocations=469 (full 12):
 PSYoungGen      total 56832K, used 54824K [0x00000007bc400000, 0x00000007c0000000, 0x00000007c0000000)
  eden space 52224K, 100% used [0x00000007bc400000,0x00000007bf700000,0x00000007bf700000)
  from space 4608K, 56% used [0x00000007bfb80000,0x00000007bfe0a360,0x00000007c0000000)
  to   space 4608K, 0% used [0x00000007bf700000,0x00000007bf700000,0x00000007bfb80000)
 ParOldGen       total 241152K, used 54032K [0x0000000700000000, 0x000000070eb80000, 0x00000007bc400000)
  object space 241152K, 22% used [0x0000000700000000,0x00000007034c4220,0x000000070eb80000)
 Metaspace       used 72193K, capacity 72885K, committed 73560K, reserved 1112064K
  class space    used 9831K, capacity 9981K, committed 10112K, reserved 1048576K
Event: 9901.461 GC heap after
Heap after GC invocations=469 (full 12):
 PSYoungGen      total 56832K, used 2554K [0x00000007bc400000, 0x00000007c0000000, 0x00000007c0000000)
  eden space 52224K, 0% used [0x00000007bc400000,0x00000007bc400000,0x00000007bf700000)
  from space 4608K, 55% used [0x00000007bf700000,0x00000007bf97ea28,0x00000007bfb80000)
  to   space 4608K, 0% used [0x00000007bfb80000,0x00000007bfb80000,0x00000007c0000000)
 ParOldGen       total 241152K, used 54032K [0x0000000700000000, 0x000000070eb80000, 0x00000007bc400000)
  object space 241152K, 22% used [0x0000000700000000,0x00000007034c4220,0x000000070eb80000)
 Metaspace       used 72193K, capacity 72885K, committed 73560K, reserved 1112064K
  class space    used 9831K, capacity 9981K, committed 10112K, reserved 1048576K
}
Event: 9905.040 GC heap before
{Heap before GC invocations=470 (full 12):
 PSYoungGen      total 56832K, used 54778K [0x00000007bc400000, 0x00000007c0000000, 0x00000007c0000000)
  eden space 52224K, 100% used [0x00000007bc400000,0x00000007bf700000,0x00000007bf700000)
  from space 4608K, 55% used [0x00000007bf700000,0x00000007bf97ea28,0x00000007bfb80000)
  to   space 4608K, 0% used [0x00000007bfb80000,0x00000007bfb80000,0x00000007c0000000)
 ParOldGen       total 241152K, used 54032K [0x0000000700000000, 0x000000070eb80000, 0x00000007bc400000)
  object space 241152K, 22% used [0x0000000700000000,0x00000007034c4220,0x000000070eb80000)
 Metaspace       used 72194K, capacity 72885K, committed 73560K, reserved 1112064K
  class space    used 9831K, capacity 9981K, committed 10112K, reserved 1048576K
Event: 9905.044 GC heap after
Heap after GC invocations=470 (full 12):
 PSYoungGen      total 57344K, used 2586K [0x00000007bc400000, 0x00000007c0000000, 0x00000007c0000000)
  eden space 52736K, 0% used [0x00000007bc400000,0x00000007bc400000,0x00000007bf780000)
  from space 4608K, 56% used [0x00000007bfb80000,0x00000007bfe06a28,0x00000007c0000000)
  to   space 4096K, 0% used [0x00000007bf780000,0x00000007bf780000,0x00000007bfb80000)
 ParOldGen       total 241152K, used 54032K [0x0000000700000000, 0x000000070eb80000, 0x00000007bc400000)
  object space 241152K, 22% used [0x0000000700000000,0x00000007034c4220,0x000000070eb80000)
 Metaspace       used 72194K, capacity 72885K, committed 73560K, reserved 1112064K
  class space    used 9831K, capacity 9981K, committed 10112K, reserved 1048576K
}
Event: 9909.604 GC heap before
{Heap before GC invocations=471 (full 12):
 PSYoungGen      total 57344K, used 55322K [0x00000007bc400000, 0x00000007c0000000, 0x00000007c0000000)
  eden space 52736K, 100% used [0x00000007bc400000,0x00000007bf780000,0x00000007bf780000)
  from space 4608K, 56% used [0x00000007bfb80000,0x00000007bfe06a28,0x00000007c0000000)
  to   space 4096K, 0% used [0x00000007bf780000,0x00000007bf780000,0x00000007bfb80000)
 ParOldGen       total 241152K, used 54032K [0x0000000700000000, 0x000000070eb80000, 0x00000007bc400000)
  object space 241152K, 22% used [0x0000000700000000,0x00000007034c4220,0x000000070eb80000)
 Metaspace       used 72202K, capacity 72885K, committed 73560K, reserved 1112064K
  class space    used 9831K, capacity 9981K, committed 10112K, reserved 1048576K
Event: 9909.608 GC heap after
Heap after GC invocations=471 (full 12):
 PSYoungGen      total 56832K, used 2938K [0x00000007bc400000, 0x00000007c0000000, 0x00000007c0000000)
  eden space 52736K, 0% used [0x00000007bc400000,0x00000007bc400000,0x00000007bf780000)
  from space 4096K, 71% used [0x00000007bf780000,0x00000007bfa5ea28,0x00000007bfb80000)
  to   space 4608K, 0% used [0x00000007bfb80000,0x00000007bfb80000,0x00000007c0000000)
 ParOldGen       total 241152K, used 54032K [0x0000000700000000, 0x000000070eb80000, 0x00000007bc400000)
  object space 241152K, 22% used [0x0000000700000000,0x00000007034c4220,0x000000070eb80000)
 Metaspace       used 72202K, capacity 72885K, committed 73560K, reserved 1112064K
  class space    used 9831K, capacity 9981K, committed 10112K, reserved 1048576K
}
Event: 9913.616 GC heap before
{Heap before GC invocations=472 (full 12):
 PSYoungGen      total 56832K, used 55674K [0x00000007bc400000, 0x00000007c0000000, 0x00000007c0000000)
  eden space 52736K, 100% used [0x00000007bc400000,0x00000007bf780000,0x00000007bf780000)
  from space 4096K, 71% used [0x00000007bf780000,0x00000007bfa5ea28,0x00000007bfb80000)
  to   space 4608K, 0% used [0x00000007bfb80000,0x00000007bfb80000,0x00000007c0000000)
 ParOldGen       total 241152K, used 54032K [0x0000000700000000, 0x000000070eb80000, 0x00000007bc400000)
  object space 241152K, 22% used [0x0000000700000000,0x00000007034c4220,0x000000070eb80000)
 Metaspace       used 72205K, capacity 72885K, committed 73560K, reserved 1112064K
  class space    used 9831K, capacity 9981K, committed 10112K, reserved 1048576K
Event: 9913.620 GC heap after
Heap after GC invocations=472 (full 12):
 PSYoungGen      total 56832K, used 2810K [0x00000007bc400000, 0x00000007c0000000, 0x00000007c0000000)
  eden space 52224K, 0% used [0x00000007bc400000,0x00000007bc400000,0x00000007bf700000)
  from space 4608K, 60% used [0x00000007bfb80000,0x00000007bfe3ea28,0x00000007c0000000)
  to   space 4608K, 0% used [0x00000007bf700000,0x00000007bf700000,0x00000007bfb80000)
 ParOldGen       total 241152K, used 54104K [0x0000000700000000, 0x000000070eb80000, 0x00000007bc400000)
  object space 241152K, 22% used [0x0000000700000000,0x00000007034d6220,0x000000070eb80000)
 Metaspace       used 72205K, capacity 72885K, committed 73560K, reserved 1112064K
  class space    used 9831K, capacity 9981K, committed 10112K, reserved 1048576K
}
Event: 9914.007 GC heap before
{Heap before GC invocations=473 (full 12):
 PSYoungGen      total 56832K, used 55034K [0x00000007bc400000, 0x00000007c0000000, 0x00000007c0000000)
  eden space 52224K, 100% used [0x00000007bc400000,0x00000007bf700000,0x00000007bf700000)
  from space 4608K, 60% used [0x00000007bfb80000,0x00000007bfe3ea28,0x00000007c0000000)
  to   space 4608K, 0% used [0x00000007bf700000,0x00000007bf700000,0x00000007bfb80000)
 ParOldGen       total 241152K, used 54104K [0x0000000700000000, 0x000000070eb80000, 0x00000007bc400000)
  object space 241152K, 22% used [0x0000000700000000,0x00000007034d6220,0x000000070eb80000)
 Metaspace       used 72205K, capacity 72885K, committed 73560K, reserved 1112064K
  class space    used 9831K, capacity 9981K, committed 10112K, reserved 1048576K
Event: 9914.011 GC heap after
Heap after GC invocations=473 (full 12):
 PSYoungGen      total 56832K, used 2682K [0x00000007bc400000, 0x00000007c0000000, 0x00000007c0000000)
  eden space 52224K, 0% used [0x00000007bc400000,0x00000007bc400000,0x00000007bf700000)
  from space 4608K, 58% used [0x00000007bf700000,0x00000007bf99ea28,0x00000007bfb80000)
  to   space 4608K, 0% used [0x00000007bfb80000,0x00000007bfb80000,0x00000007c0000000)
 ParOldGen       total 241152K, used 54104K [0x0000000700000000, 0x000000070eb80000, 0x00000007bc400000)
  object space 241152K, 22% used [0x0000000700000000,0x00000007034d6220,0x000000070eb80000)
 Metaspace       used 72205K, capacity 72885K, committed 73560K, reserved 1112064K
  class space    used 9831K, capacity 9981K, committed 10112K, reserved 1048576K
}

Deoptimization events (10 events):
Event: 9811.298 Thread 0x0000020532f3b800 Uncommon trap: reason=unstable_if action=reinterpret pc=0x000002051b867cfc method=com.jidesoft.plaf.basic.BasicStyledLabelUI.getPreferredSize(Lcom/jidesoft/swing/StyledLabel;)Ljava/awt/Dimension; @ 424
Event: 9811.299 Thread 0x0000020532f3b800 Uncommon trap: reason=unstable_if action=reinterpret pc=0x0000020519e3c64c method=com.jidesoft.plaf.basic.BasicStyledLabelUI.addStyledTexts(Ljava/lang/String;Lcom/jidesoft/swing/StyleRange;Lcom/jidesoft/swing/StyledLabel;)V @ 32
Event: 9811.300 Thread 0x0000020532f3b800 Uncommon trap: reason=unstable_if action=reinterpret pc=0x000002051a31ba6c method=com.jidesoft.plaf.basic.BasicStyledLabelUI.paintStyledText(Lcom/jidesoft/swing/StyledLabel;Ljava/awt/Graphics;II)V @ 15
Event: 9811.300 Thread 0x0000020532f3b800 Uncommon trap: reason=unstable_if action=reinterpret pc=0x000002051b8a2e78 method=com.jidesoft.plaf.basic.BasicStyledLabelUI.internalPaintStyledText(Lcom/jidesoft/swing/StyledLabel;Ljava/awt/Graphics;III)I @ 709
Event: 9813.435 Thread 0x0000020532f3b800 Uncommon trap: reason=class_check action=maybe_recompile pc=0x000002051b858870 method=java.awt.Component.dispatchEventImpl(Ljava/awt/AWTEvent;)V @ 409
Event: 9816.754 Thread 0x0000020532f3b800 Uncommon trap: reason=class_check action=maybe_recompile pc=0x000002051aab6480 method=javax.swing.text.JTextComponent.getText()Ljava/lang/String; @ 8
Event: 9816.754 Thread 0x0000020532f3b800 Uncommon trap: reason=class_check action=maybe_recompile pc=0x000002051aab6480 method=javax.swing.text.JTextComponent.getText()Ljava/lang/String; @ 8
Event: 9816.754 Thread 0x0000020532f3b800 Uncommon trap: reason=class_check action=maybe_recompile pc=0x000002051aab6480 method=javax.swing.text.JTextComponent.getText()Ljava/lang/String; @ 8
Event: 9816.754 Thread 0x0000020532f3b800 Uncommon trap: reason=class_check action=maybe_recompile pc=0x000002051aab6480 method=javax.swing.text.JTextComponent.getText()Ljava/lang/String; @ 8
Event: 9914.983 Thread 0x0000020532f3b800 Uncommon trap: reason=unstable_if action=reinterpret pc=0x000002051834e094 method=java.text.DigitList.shouldRoundUp(IZZ)Z @ 207

Internal exceptions (10 events):
Event: 9869.943 Thread 0x0000020532f3b800 Exception <a 'java/io/FileNotFoundException'> (0x00000007bdbe5d78) thrown at [C:\re\workspace\8-2-build-windows-amd64-cygwin\jdk8u112\7884\hotspot\src\share\vm\prims\jni.cpp, line 709]
Event: 9874.943 Thread 0x0000020532f3b800 Exception <a 'java/io/FileNotFoundException'> (0x00000007bdf5ba58) thrown at [C:\re\workspace\8-2-build-windows-amd64-cygwin\jdk8u112\7884\hotspot\src\share\vm\prims\jni.cpp, line 709]
Event: 9879.943 Thread 0x0000020532f3b800 Exception <a 'java/io/FileNotFoundException'> (0x00000007be4c7a18) thrown at [C:\re\workspace\8-2-build-windows-amd64-cygwin\jdk8u112\7884\hotspot\src\share\vm\prims\jni.cpp, line 709]
Event: 9884.943 Thread 0x0000020532f3b800 Exception <a 'java/io/FileNotFoundException'> (0x00000007bef1b138) thrown at [C:\re\workspace\8-2-build-windows-amd64-cygwin\jdk8u112\7884\hotspot\src\share\vm\prims\jni.cpp, line 709]
Event: 9889.943 Thread 0x0000020532f3b800 Exception <a 'java/io/FileNotFoundException'> (0x00000007bc87c448) thrown at [C:\re\workspace\8-2-build-windows-amd64-cygwin\jdk8u112\7884\hotspot\src\share\vm\prims\jni.cpp, line 709]
Event: 9894.944 Thread 0x0000020532f3b800 Exception <a 'java/io/FileNotFoundException'> (0x00000007bd9d9db0) thrown at [C:\re\workspace\8-2-build-windows-amd64-cygwin\jdk8u112\7884\hotspot\src\share\vm\prims\jni.cpp, line 709]
Event: 9899.944 Thread 0x0000020532f3b800 Exception <a 'java/io/FileNotFoundException'> (0x00000007be371f98) thrown at [C:\re\workspace\8-2-build-windows-amd64-cygwin\jdk8u112\7884\hotspot\src\share\vm\prims\jni.cpp, line 709]
Event: 9904.945 Thread 0x0000020532f3b800 Exception <a 'java/io/FileNotFoundException'> (0x00000007be4e0360) thrown at [C:\re\workspace\8-2-build-windows-amd64-cygwin\jdk8u112\7884\hotspot\src\share\vm\prims\jni.cpp, line 709]
Event: 9909.945 Thread 0x0000020532f3b800 Exception <a 'java/io/FileNotFoundException'> (0x00000007bdd2d528) thrown at [C:\re\workspace\8-2-build-windows-amd64-cygwin\jdk8u112\7884\hotspot\src\share\vm\prims\jni.cpp, line 709]
Event: 9914.945 Thread 0x0000020532f3b800 Exception <a 'java/io/FileNotFoundException'> (0x00000007bc648c10) thrown at [C:\re\workspace\8-2-build-windows-amd64-cygwin\jdk8u112\7884\hotspot\src\share\vm\prims\jni.cpp, line 709]

Events (10 events):
Event: 9914.962 Executing VM operation: RevokeBias
Event: 9914.967 Executing VM operation: RevokeBias done
Event: 9914.967 Executing VM operation: RevokeBias
Event: 9914.967 Executing VM operation: RevokeBias done
Event: 9914.983 Thread 0x0000020532f3b800 Uncommon trap: trap_request=0xffffff65 fr.pc=0x000002051834e094
Event: 9914.983 Thread 0x0000020532f3b800 DEOPT PACKING pc=0x000002051834e094 sp=0x00000070192fa2c0
Event: 9914.983 Thread 0x0000020532f3b800 DEOPT UNPACKING pc=0x0000020517ea5832 sp=0x00000070192fa248 mode 2
Event: 9914.989 Thread 0x000002053133d800 flushing nmethod 0x0000020519e0b090
Event: 9914.989 Thread 0x000002053133d800 flushing nmethod 0x0000020519e387d0
Event: 9915.018 Thread 0x000002053133f800 flushing nmethod 0x000002051a82f650


Dynamic libraries:
0x00007ff691500000 - 0x00007ff691530000 	C:\Xilinx\Vivado\2018.2\bin\unwrapped\win64.o\vivado.exe
0x00007ff956f40000 - 0x00007ff957130000 	C:\WINDOWS\SYSTEM32\ntdll.dll
0x00007ff956cb0000 - 0x00007ff956d62000 	C:\WINDOWS\System32\KERNEL32.DLL
0x00007ff954bf0000 - 0x00007ff954e93000 	C:\WINDOWS\System32\KERNELBASE.dll
0x00007ff954ea0000 - 0x00007ff954f9a000 	C:\WINDOWS\System32\ucrtbase.dll
0x00007ff940270000 - 0x00007ff940309000 	C:\WINDOWS\SYSTEM32\MSVCP140.dll
0x00007ff939fa0000 - 0x00007ff939fb4000 	C:\Xilinx\Vivado\2018.2\lib\win64.o\libboost_signals.dll
0x00007ff939340000 - 0x00007ff939354000 	C:\Xilinx\Vivado\2018.2\lib\win64.o\librdi_commonmain.dll
0x00007ff941660000 - 0x00007ff941676000 	C:\WINDOWS\SYSTEM32\VCRUNTIME140.dll
0x00007ff902390000 - 0x00007ff9031a9000 	C:\Xilinx\Vivado\2018.2\lib\win64.o\librdi_common.dll
0x00007ff955f40000 - 0x00007ff9560d4000 	C:\WINDOWS\System32\USER32.dll
0x00007ff937c50000 - 0x00007ff937c76000 	C:\Xilinx\Vivado\2018.2\lib\win64.o\libboost_filesystem.dll
0x00007ff954fa0000 - 0x00007ff954fc1000 	C:\WINDOWS\System32\win32u.dll
0x00007ff941f40000 - 0x00007ff941f4a000 	C:\Xilinx\Vivado\2018.2\lib\win64.o\librdi_commonversion.dll
0x00007ff956df0000 - 0x00007ff956e93000 	C:\WINDOWS\System32\ADVAPI32.dll
0x00007ff955f10000 - 0x00007ff955f36000 	C:\WINDOWS\System32\GDI32.dll
0x00007ff955b20000 - 0x00007ff955bbe000 	C:\WINDOWS\System32\msvcrt.dll
0x00007ff953f80000 - 0x00007ff954114000 	C:\WINDOWS\System32\gdi32full.dll
0x00007ff955130000 - 0x00007ff9551c7000 	C:\WINDOWS\System32\sechost.dll
0x00007ff955bc0000 - 0x00007ff955ce0000 	C:\WINDOWS\System32\RPCRT4.dll
0x00007ff9548a0000 - 0x00007ff95493e000 	C:\WINDOWS\System32\msvcp_win.dll
0x00007ff919f20000 - 0x00007ff91a041000 	C:\Xilinx\Vivado\2018.2\lib\win64.o\librdi_commonxillic.dll
0x0000000056710000 - 0x000000005683b000 	C:\Xilinx\Vivado\2018.2\lib\win64.o\tcl85t.dll
0x00007ff956330000 - 0x00007ff956a15000 	C:\WINDOWS\System32\SHELL32.dll
0x00007ff956a20000 - 0x00007ff956a8f000 	C:\WINDOWS\System32\WS2_32.dll
0x00007ff9549c0000 - 0x00007ff954a0a000 	C:\WINDOWS\System32\cfgmgr32.dll
0x00007ff956110000 - 0x00007ff9561b9000 	C:\WINDOWS\System32\shcore.dll
0x00007ff9552a0000 - 0x00007ff9555d6000 	C:\WINDOWS\System32\combase.dll
0x00007ff9155b0000 - 0x00007ff915865000 	C:\Xilinx\Vivado\2018.2\lib\win64.o\libXil_lmgr11.dll
0x00007ff916cf0000 - 0x00007ff91705e000 	C:\Xilinx\Vivado\2018.2\lib\win64.o\libCOIN-all.dll
0x00007ff954940000 - 0x00007ff9549c0000 	C:\WINDOWS\System32\bcryptPrimitives.dll
0x00007ff955a50000 - 0x00007ff955b20000 	C:\WINDOWS\System32\COMDLG32.dll
0x00007ff939320000 - 0x00007ff939334000 	C:\Xilinx\Vivado\2018.2\lib\win64.o\libboost_date_time.dll
0x00007ff954120000 - 0x00007ff9548a0000 	C:\WINDOWS\System32\windows.storage.dll
0x00007ff955240000 - 0x00007ff955292000 	C:\WINDOWS\System32\SHLWAPI.dll
0x00007ff953e80000 - 0x00007ff953ea3000 	C:\WINDOWS\System32\profapi.dll
0x00007ff953e30000 - 0x00007ff953e7a000 	C:\WINDOWS\System32\powrprof.dll
0x00007ff9561d0000 - 0x00007ff956294000 	C:\WINDOWS\System32\OLEAUT32.dll
0x00007ff953e00000 - 0x00007ff953e10000 	C:\WINDOWS\System32\UMPDC.dll
0x00007ff956b50000 - 0x00007ff956ca7000 	C:\WINDOWS\System32\ole32.dll
0x00007ff953e10000 - 0x00007ff953e21000 	C:\WINDOWS\System32\kernel.appcore.dll
0x00007ff954b60000 - 0x00007ff954bbc000 	C:\WINDOWS\System32\WINTRUST.dll
0x00007ff930f60000 - 0x00007ff930fdf000 	C:\Xilinx\Vivado\2018.2\lib\win64.o\libboost_program_options.dll
0x00007ff953eb0000 - 0x00007ff953ec2000 	C:\WINDOWS\System32\MSASN1.dll
0x00007ff954fd0000 - 0x00007ff954fe7000 	C:\WINDOWS\System32\cryptsp.dll
0x00007ff954a10000 - 0x00007ff954b59000 	C:\WINDOWS\System32\CRYPT32.dll
0x00007ff9166f0000 - 0x00007ff916804000 	C:\Xilinx\Vivado\2018.2\lib\win64.o\libboost_regex.dll
0x00007ff940960000 - 0x00007ff94096b000 	C:\Xilinx\Vivado\2018.2\lib\win64.o\libboost_system.dll
0x00007ff940180000 - 0x00007ff94018f000 	C:\Xilinx\Vivado\2018.2\lib\win64.o\libboost_xilinx.dll
0x00007ff935e00000 - 0x00007ff935e21000 	C:\Xilinx\Vivado\2018.2\lib\win64.o\libboost_thread.dll
0x00007ff92fab0000 - 0x00007ff92fb32000 	C:\Xilinx\Vivado\2018.2\lib\win64.o\libhdlpsolve.dll
0x00007ff927a90000 - 0x00007ff927b35000 	C:\Xilinx\Vivado\2018.2\lib\win64.o\libhdxml.dll
0x00007ff9351b0000 - 0x00007ff9351de000 	C:\Xilinx\Vivado\2018.2\lib\win64.o\libisl_sysinfo.dll
0x00007ff92f4c0000 - 0x00007ff92f525000 	C:\Xilinx\Vivado\2018.2\lib\win64.o\liblmx6.0.dll
0x00007ff937e90000 - 0x00007ff937eaa000 	C:\Xilinx\Vivado\2018.2\lib\win64.o\pthreadVC2.dll
0x00007ff916430000 - 0x00007ff916581000 	C:\Xilinx\Vivado\2018.2\lib\win64.o\librdi_curl.dll
0x00007ff935dc0000 - 0x00007ff935ddc000 	C:\Xilinx\Vivado\2018.2\lib\win64.o\librdiconfig.dll
0x00007ff932db0000 - 0x00007ff932dd1000 	C:\Xilinx\Vivado\2018.2\lib\win64.o\librdizlib.dll
0x0000000012000000 - 0x0000000012272000 	C:\Xilinx\Vivado\2018.2\lib\win64.o\xerces-c_3_1.dll
0x00000000556d0000 - 0x0000000055f6a000 	C:\Xilinx\Vivado\2018.2\tps\win64\jre\bin\server\jvm.dll
0x00007ff901ad0000 - 0x00007ff902383c00 	C:\Xilinx\Vivado\2018.2\lib\win64.o\libisl_iostreams.dll
0x00007ff956b40000 - 0x00007ff956b48000 	C:\WINDOWS\System32\PSAPI.DLL
0x00007ff9403b0000 - 0x00007ff940885000 	C:\WINDOWS\SYSTEM32\WININET.dll
0x00007ff94baf0000 - 0x00007ff94bbe1000 	C:\WINDOWS\SYSTEM32\WINHTTP.dll
0x00007ff946ef0000 - 0x00007ff9470c5000 	C:\WINDOWS\SYSTEM32\urlmon.dll
0x00007ff942e50000 - 0x00007ff942e67000 	C:\WINDOWS\SYSTEM32\NETAPI32.dll
0x00007ff946260000 - 0x00007ff946309000 	C:\WINDOWS\WinSxS\amd64_microsoft.windows.common-controls_6595b64144ccf1df_5.82.18362.720_none_2a258974466b9fae\COMCTL32.dll
0x00007ff93e510000 - 0x00007ff93e519000 	C:\WINDOWS\SYSTEM32\WSOCK32.dll
0x00007ff94d850000 - 0x00007ff94d86c000 	C:\WINDOWS\SYSTEM32\dhcpcsvc.DLL
0x00007ff9560e0000 - 0x00007ff9560e8000 	C:\WINDOWS\System32\NSI.dll
0x00007ff932d80000 - 0x00007ff932da9000 	C:\WINDOWS\SYSTEM32\VCOMP140.DLL
0x00007ff900c30000 - 0x00007ff901ac1000 	C:\Xilinx\Vivado\2018.2\lib\win64.o\gurobi65.dll
0x00007ff93a310000 - 0x00007ff93a31d000 	C:\Xilinx\Vivado\2018.2\lib\win64.o\libboost_chrono.dll
0x00007ff9519b0000 - 0x00007ff9519d4000 	C:\WINDOWS\SYSTEM32\WINMM.dll
0x00007ff932a70000 - 0x00007ff932a8b000 	C:\Xilinx\Vivado\2018.2\lib\win64.o\libboost_iostreams.dll
0x00007ff94e5a0000 - 0x00007ff94e5aa000 	C:\WINDOWS\SYSTEM32\VERSION.dll
0x00007ff930ed0000 - 0x00007ff930ef5000 	C:\Xilinx\Vivado\2018.2\lib\win64.o\libisl_iosutils.dll
0x0000000056630000 - 0x0000000056702000 	C:\WINDOWS\SYSTEM32\MSVCR100.dll
0x00007ff949e30000 - 0x00007ff94a0d6000 	C:\WINDOWS\SYSTEM32\iertutil.dll
0x00007ff951980000 - 0x00007ff9519ad000 	C:\WINDOWS\SYSTEM32\winmmbase.dll
0x00007ff953840000 - 0x00007ff95384c000 	C:\WINDOWS\SYSTEM32\CRYPTBASE.DLL
0x00007ff9562a0000 - 0x00007ff9562ce000 	C:\WINDOWS\System32\IMM32.DLL
0x00007ff9007a0000 - 0x00007ff900c2c000 	C:\Xilinx\Vivado\2018.2\lib\win64.o\librdi_commontasks.dll
0x00007ff9148a0000 - 0x00007ff914b17000 	C:\Xilinx\Vivado\2018.2\lib\win64.o\librdi_sio.dll
0x00007ff953380000 - 0x00007ff9533ba000 	C:\WINDOWS\SYSTEM32\IPHLPAPI.DLL
0x00007ff8fe5a0000 - 0x00007ff90079f000 	C:\Xilinx\Vivado\2018.2\lib\win64.o\librdi_tcltasks.dll
0x00007ff9294c0000 - 0x00007ff92952a000 	C:\Xilinx\Vivado\2018.2\lib\win64.o\librdi_boarddep.dll
0x00007ff90fa10000 - 0x00007ff90fc57000 	C:\Xilinx\Vivado\2018.2\lib\win64.o\librdi_chipscope.dll
0x00007ff913320000 - 0x00007ff91349e000 	C:\Xilinx\Vivado\2018.2\lib\win64.o\librdi_board.dll
0x00007ff8fe1c0000 - 0x00007ff8fe595000 	C:\Xilinx\Vivado\2018.2\lib\win64.o\librdi_bitstream.dll
0x00007ff8fc830000 - 0x00007ff8fc958000 	C:\Xilinx\Vivado\2018.2\lib\win64.o\librdi_containers.dll
0x00007ff8fa430000 - 0x00007ff8fab09000 	C:\Xilinx\Vivado\2018.2\lib\win64.o\librdi_coregenipxact.dll
0x00007ff8fab10000 - 0x00007ff8fc821000 	C:\Xilinx\Vivado\2018.2\lib\win64.o\librdi_coregen.dll
0x00007ff8fc960000 - 0x00007ff8fe1b9000 	C:\Xilinx\Vivado\2018.2\lib\win64.o\librdi_constraints.dll
0x00007ff8e7ba0000 - 0x00007ff8e7eb8000 	C:\Xilinx\Vivado\2018.2\lib\win64.o\librdi_dlyest.dll
0x00007ff91a800000 - 0x00007ff91a8c2000 	C:\Xilinx\Vivado\2018.2\lib\win64.o\librdi_dsp.dll
0x00007ff8e7650000 - 0x00007ff8e7b91000 	C:\Xilinx\Vivado\2018.2\lib\win64.o\librdi_drc.dll
0x00007ff8e6d30000 - 0x00007ff8e7001000 	C:\Xilinx\Vivado\2018.2\lib\win64.o\librdi_guitools.dll
0x00007ff8f66c0000 - 0x00007ff8fa422000 	C:\Xilinx\Vivado\2018.2\lib\win64.o\librdi_designutils.dll
0x00007ff8e7010000 - 0x00007ff8e7641000 	C:\Xilinx\Vivado\2018.2\lib\win64.o\librdi_filemgmt.dll
0x00007ff928d10000 - 0x00007ff928d68000 	C:\Xilinx\Vivado\2018.2\lib\win64.o\librdi_hdf.dll
0x00007ff8e5490000 - 0x00007ff8e5ae1000 	C:\Xilinx\Vivado\2018.2\lib\win64.o\librdi_memdata.dll
0x00007ff8e17d0000 - 0x00007ff8e1c72000 	C:\Xilinx\Vivado\2018.2\lib\win64.o\librdi_netlist.dll
0x00007ff8e5af0000 - 0x00007ff8e6d24000 	C:\Xilinx\Vivado\2018.2\lib\win64.o\librdi_implflow.dll
0x00007ff92b160000 - 0x00007ff92b1a9000 	C:\Xilinx\Vivado\2018.2\lib\win64.o\librdi_pfi.dll
0x00007ff8df1a0000 - 0x00007ff8df42a000 	C:\Xilinx\Vivado\2018.2\lib\win64.o\librdi_platform.dll
0x00007ff8e7ec0000 - 0x00007ff8f66b8000 	C:\Xilinx\Vivado\2018.2\lib\win64.o\librdi_device.dll
0x00007ff8deab0000 - 0x00007ff8df19c000 	C:\Xilinx\Vivado\2018.2\lib\win64.o\librdi_power.dll
0x00007ff8de570000 - 0x00007ff8deaad000 	C:\Xilinx\Vivado\2018.2\lib\win64.o\librdi_project.dll
0x00007ff8dde80000 - 0x00007ff8de561000 	C:\Xilinx\Vivado\2018.2\lib\win64.o\librdi_psta.dll
0x00007ff8dd840000 - 0x00007ff8dde7e000 	C:\Xilinx\Vivado\2018.2\lib\win64.o\librdi_rsb.dll
0x00007ff8dd470000 - 0x00007ff8dd833000 	C:\Xilinx\Vivado\2018.2\lib\win64.o\librdi_runs.dll
0x00007ff8dd390000 - 0x00007ff8dd467000 	C:\Xilinx\Vivado\2018.2\lib\win64.o\librdi_runsbase.dll
0x00007ff8dd160000 - 0x00007ff8dd386000 	C:\Xilinx\Vivado\2018.2\lib\win64.o\librdi_simdata.dll
0x00007ff9170b0000 - 0x00007ff91717b000 	C:\Xilinx\Vivado\2018.2\lib\win64.o\librdi_xhub.dll
0x00007ff8df430000 - 0x00007ff8e17ce000 	C:\Xilinx\Vivado\2018.2\lib\win64.o\librdi_place.dll
0x00007ff8dc440000 - 0x00007ff8dd15d000 	C:\Xilinx\Vivado\2018.2\lib\win64.o\librdi_timing.dll
0x00007ff913270000 - 0x00007ff91331f000 	C:\Xilinx\Vivado\2018.2\lib\win64.o\librdi_hip_devdesign.dll
0x00007ff92ac00000 - 0x00007ff92ac4c000 	C:\Xilinx\Vivado\2018.2\lib\win64.o\libboost_serialization.dll
0x00007ff927d60000 - 0x00007ff927dc6000 	C:\Xilinx\Vivado\2018.2\lib\win64.o\librdi_ipconfig_readwrite.dll
0x00007ff92a350000 - 0x00007ff92a388000 	C:\Xilinx\Vivado\2018.2\lib\win64.o\librdi_noc_frameworks.dll
0x00007ff91b580000 - 0x00007ff91b61e000 	C:\Xilinx\Vivado\2018.2\lib\win64.o\libise.dll
0x00007ff8db940000 - 0x00007ff8dc433000 	C:\Xilinx\Vivado\2018.2\lib\win64.o\libverific.dll
0x00007ff8e1c80000 - 0x00007ff8e548a000 	C:\Xilinx\Vivado\2018.2\lib\win64.o\librdi_mig.dll
0x00007ff928390000 - 0x00007ff9283d9000 	C:\Xilinx\Vivado\2018.2\lib\win64.o\librdi_wavedata_SimpleApi.dll
0x00007ff8db390000 - 0x00007ff8db931000 	C:\Xilinx\Vivado\2018.2\lib\win64.o\librdi_wavedata.dll
0x00007ff916660000 - 0x00007ff9166e8000 	C:\Xilinx\Vivado\2018.2\lib\win64.o\librdi_hip_config.dll
0x00007ff8dae40000 - 0x00007ff8db38e000 	C:\Xilinx\Vivado\2018.2\lib\win64.o\librdi_xdm.dll

VM Arguments:
jvm_args: -Dsun.java2d.pmoffscreen=false -Dsun.java2d.xrender=false -Dsun.java2d.d3d=false -Dsun.awt.nopixfmt=true -Xverify:none -Dswing.aatext=true -XX:-UsePerfData -Djdk.map.althashing.threshold=512 -XX:StringTableSize=4072 -XX:NewSize=60m -XX:MaxNewSize=60m -Xms128m -Xmx3072m -Xss5m 
java_command: <unknown>
java_class_path (initial): C:/Xilinx/Vivado/2018.2\lib\classes\alloy.jar;C:/Xilinx/Vivado/2018.2\lib\classes\autopilot.scelaborator.jar;C:/Xilinx/Vivado/2018.2\lib\classes\autopilot.sourceprocessor.jar;C:/Xilinx/Vivado/2018.2\lib\classes\autopilot.tbprocessor.jar;C:/Xilinx/Vivado/2018.2\lib\classes\batik-anim.jar;C:/Xilinx/Vivado/2018.2\lib\classes\batik-awt-util.jar;C:/Xilinx/Vivado/2018.2\lib\classes\batik-bridge.jar;C:/Xilinx/Vivado/2018.2\lib\classes\batik-codec.jar;C:/Xilinx/Vivado/2018.2\lib\classes\batik-css.jar;C:/Xilinx/Vivado/2018.2\lib\classes\batik-dom.jar;C:/Xilinx/Vivado/2018.2\lib\classes\batik-ext.jar;C:/Xilinx/Vivado/2018.2\lib\classes\batik-gui-util.jar;C:/Xilinx/Vivado/2018.2\lib\classes\batik-gvt.jar;C:/Xilinx/Vivado/2018.2\lib\classes\batik-parser.jar;C:/Xilinx/Vivado/2018.2\lib\classes\batik-script.jar;C:/Xilinx/Vivado/2018.2\lib\classes\batik-svg-dom.jar;C:/Xilinx/Vivado/2018.2\lib\classes\batik-swing.jar;C:/Xilinx/Vivado/2018.2\lib\classes\batik-transcoder.jar;C:/Xilinx/Vivado/2018.2\lib\classes\batik-util.jar;C:/Xilinx/Vivado/2018.2\lib\classes\batik-xml.jar;C:/Xilinx/Vivado/2018.2\lib\classes\com.ibm.icu_4.4.2.v20110208.jar;C:/Xilinx/Vivado/2018.2\lib\classes\commons-collections4-4.1.jar;C:/Xilinx/Vivado/2018.2\lib\classes\commons-math-2.2.jar;C:/Xilinx/Vivado/2018.2\lib\classes\dom4j-1.6.1.jar;C:/Xilinx/Vivado/2018.2\lib\classes\guava-18.0.jar;C:/Xilinx/Vivado/2018.2\lib\classes\help.jar;C:/Xilinx/Vivado/2018.2\lib\classes\hsqldb.jar;C:/Xilinx/Vivado/2018.2\lib\classes\jargs.jar;C:/Xilinx/Vivado/2018.2\lib\classes\jh.jar;C:/Xilinx/Vivado/2018.2\lib\classes\jide-action.jar;C:/Xilinx/Vivado/2018.2\lib\classes\jide-charts.jar;C:/Xilinx/Vivado/2018.2\lib\classes\jide-common.jar;C:/Xilinx/Vivado/2018.2\lib\classes\jide-components.jar;C:/Xilinx/Vivado/2018.2\lib\classes\jide-dashboard.jar;C:/Xilinx/Vivado/2018.2\lib\classes\jide-data.jar;C:/Xilinx/Vivado/2018.2\lib\classes\jide-dialogs.jar;C:/Xilinx/Vivado/2018.2\lib\classes\jide-diff.jar;C:/X
Launcher Type: generic

Environment Variables:
PATH=C:/Xilinx/Vivado/2018.2/bin;C:/Xilinx/Vivado/2018.2/lib/win64.o;C:/Xilinx/Vivado/2018.2/tps/win64/jre/bin/server;C:/Xilinx/Vivado/2018.2/tps/win64/jre/bin;C:/Xilinx/SDK/2018.2/bin;C:/Xilinx/Vivado/2018.2/ids_lite/ISE/bin/nt64;C:/Xilinx/Vivado/2018.2/ids_lite/ISE/lib/nt64;C:\Windows\system32;C:\Windows;C:\Windows\System32\Wbem;C:\Windows\System32\WindowsPowerShell\v1.0\;C:\Program Files (x86)\NVIDIA Corporation\PhysX\Common;C:\WINDOWS\System32\OpenSSH\;C:\Program Files\NVIDIA Corporation\NVIDIA NvDLISR;C:\Program Files\Git\cmd;C:\Users\Sean\AppData\Local\Microsoft\WindowsApps;C:\Program Files (x86)\SSH Communications Security\SSH Secure Shell;C:/Xilinx/Vivado/2018.2\tps\mingw\6.2.0\win64.o\nt\bin;C:/Xilinx/Vivado/2018.2\tps\mingw\6.2.0\win64.o\nt\libexec\gcc\x86_64-w64-mingw32\6.2.0
USERNAME=Sean
OS=Windows_NT
PROCESSOR_IDENTIFIER=AMD64 Family 23 Model 1 Stepping 1, AuthenticAMD



---------------  S Y S T E M  ---------------

OS: Windows 10.0 , 64 bit Build 18362 (10.0.18362.329)

CPU:total 12 (12 cores per cpu, 1 threads per core) family 23 model 1 stepping 1, cmov, cx8, fxsr, mmx, sse, sse2, sse3, ssse3, sse4.1, sse4.2, popcnt, avx, avx2, aes, clmul, mmxext, 3dnowpref, lzcnt, sse4a, tsc, tscinvbit, tscinv, bmi1

Memory: 4k page, physical 8319860k(3386084k free), swap 25822760k(5311628k free)

vm_info: Java HotSpot(TM) 64-Bit Server VM (25.112-b15) for windows-amd64 JRE (1.8.0_112-b15), built on Sep 22 2016 21:31:56 by "java_re" with MS VC++ 10.0 (VS2010)

time: Wed Mar 18 21:42:25 2020
elapsed time: 9915 seconds (0d 2h 45m 15s)

