#-----------------------------------------------------------
# Vivado v2018.2 (64-bit)
# SW Build 2258646 on Thu Jun 14 20:03:12 MDT 2018
# IP Build 2256618 on Thu Jun 14 22:10:49 MDT 2018
# Start of session at: Mon Mar 23 09:11:54 2020
# Process ID: 18588
# Current directory: C:/Users/karth/Desktop/EE2026_Main_Project
# Command line: vivado.exe -gui_launcher_event rodinguilauncherevent18308 C:\Users\karth\Desktop\EE2026_Main_Project\SoundDisplay.xpr
# Log file: C:/Users/karth/Desktop/EE2026_Main_Project/vivado.log
# Journal file: C:/Users/karth/Desktop/EE2026_Main_Project\vivado.jou
#-----------------------------------------------------------
start_gui
open_project C:/Users/karth/Desktop/EE2026_Main_Project/SoundDisplay.xpr
Scanning sources...
Finished scanning sources
INFO: [IP_Flow 19-234] Refreshing IP repositories
INFO: [IP_Flow 19-1704] No user IP repositories specified
INFO: [IP_Flow 19-2313] Loaded Vivado IP repository 'D:/Vivado/2018.2/data/ip'.
open_project: Time (s): cpu = 00:00:17 ; elapsed = 00:00:13 . Memory (MB): peak = 761.293 ; gain = 76.527
update_compile_order -fileset sources_1
exit
INFO: [Common 17-206] Exiting Vivado at Mon Mar 23 09:13:35 2020...
