#-----------------------------------------------------------
# Vivado v2018.2 (64-bit)
# SW Build 2258646 on Thu Jun 14 20:03:12 MDT 2018
# IP Build 2256618 on Thu Jun 14 22:10:49 MDT 2018
# Start of session at: Sun Mar 15 17:59:51 2020
# Process ID: 6924
# Current directory: C:/Users/Sean/Desktop/EE2026_Main_Project
# Command line: vivado.exe -gui_launcher_event rodinguilauncherevent10820 C:\Users\Sean\Desktop\EE2026_Main_Project\SoundDisplay.xpr
# Log file: C:/Users/Sean/Desktop/EE2026_Main_Project/vivado.log
# Journal file: C:/Users/Sean/Desktop/EE2026_Main_Project\vivado.jou
#-----------------------------------------------------------
start_gui
open_project C:/Users/Sean/Desktop/EE2026_Main_Project/SoundDisplay.xpr
INFO: [Project 1-313] Project file moved from 'C:/Users/Sean/Downloads/SoundDisplay/SoundDisplay' since last save.
Scanning sources...
Finished scanning sources
INFO: [IP_Flow 19-234] Refreshing IP repositories
INFO: [IP_Flow 19-1704] No user IP repositories specified
INFO: [IP_Flow 19-2313] Loaded Vivado IP repository 'C:/Xilinx/Vivado/2018.2/data/ip'.
open_project: Time (s): cpu = 00:00:12 ; elapsed = 00:00:05 . Memory (MB): peak = 897.586 ; gain = 154.332
