#-----------------------------------------------------------
# Vivado v2018.2 (64-bit)
# SW Build 2258646 on Thu Jun 14 20:03:12 MDT 2018
# IP Build 2256618 on Thu Jun 14 22:10:49 MDT 2018
# Start of session at: Wed Mar 18 15:40:27 2020
# Process ID: 9596
# Current directory: C:/Users/Sean/Desktop/EE2026_Main_Project
# Command line: vivado.exe -gui_launcher_event rodinguilauncherevent10128 C:\Users\Sean\Desktop\EE2026_Main_Project\SoundDisplay.xpr
# Log file: C:/Users/Sean/Desktop/EE2026_Main_Project/vivado.log
# Journal file: C:/Users/Sean/Desktop/EE2026_Main_Project\vivado.jou
#-----------------------------------------------------------
start_gui
open_project C:/Users/Sean/Desktop/EE2026_Main_Project/SoundDisplay.xpr
Scanning sources...
Finished scanning sources
INFO: [IP_Flow 19-234] Refreshing IP repositories
INFO: [IP_Flow 19-1704] No user IP repositories specified
INFO: [IP_Flow 19-2313] Loaded Vivado IP repository 'C:/Xilinx/Vivado/2018.2/data/ip'.
open_project: Time (s): cpu = 00:00:15 ; elapsed = 00:00:08 . Memory (MB): peak = 813.914 ; gain = 77.340
update_compile_order -fileset sources_1
exit
INFO: [Common 17-206] Exiting Vivado at Wed Mar 18 16:01:46 2020...
